<?xml version="1.0" encoding="UTF-8"?>
<testng-results ignored="0" total="1" passed="1" failed="0" skipped="0">
  <reporter-output>
  </reporter-output>
  <suite started-at="2024-08-12T21:25:35 IST" name="Suite" finished-at="2024-08-12T21:25:58 IST" duration-ms="23085">
    <groups>
    </groups>
    <test started-at="2024-08-12T21:25:35 IST" name="Test" finished-at="2024-08-12T21:25:58 IST" duration-ms="23085">
      <class name="AmazonTestCases.TestCases">
        <test-method is-config="true" signature="initilization()[pri:0, instance:AmazonTestCases.TestCases@6cf0e0ba]" started-at="2024-08-12T21:25:35 IST" name="initilization" finished-at="2024-08-12T21:25:44 IST" duration-ms="9016" status="PASS">
          <reporter-output>
          </reporter-output>
        </test-method> <!-- initilization -->
        <test-method signature="TC02()[pri:0, instance:AmazonTestCases.TestCases@6cf0e0ba]" started-at="2024-08-12T21:25:44 IST" name="TC02" finished-at="2024-08-12T21:25:58 IST" duration-ms="13973" status="PASS">
          <reporter-output>
          </reporter-output>
        </test-method> <!-- TC02 -->
      </class> <!-- AmazonTestCases.TestCases -->
    </test> <!-- Test -->
  </suite> <!-- Suite -->
</testng-results>
